<?xml version="1.0" encoding="UTF-8"?>
<!-- Generated by org.testng.reporters.JUnitReportReporter -->
<testsuite skipped="0" hostname="Asmits-MacBook-Pro.local" name="com.class01.test" tests="3" failures="0" timestamp="29 May 2019 01:21:19 GMT" time="0.017" errors="0">
  <testcase name="a" time="0.011" classname="com.class01.test"/>
  <testcase name="testDemo" time="0.002" classname="com.class01.test"/>
  <testcase name="b" time="0.004" classname="com.class01.test"/>
</testsuite> <!-- com.class01.test -->
