<?xml version="1.0" encoding="UTF-8"?>
<!-- Generated by org.testng.reporters.JUnitReportReporter -->
<testsuite skipped="0" hostname="Asmits-MacBook-Pro.local" name="com.class01.orangehrmExample" tests="1" failures="0" timestamp="30 May 2019 21:49:27 GMT" time="9.515" errors="0">
  <testcase name="login" time="9.515" classname="com.class01.orangehrmExample"/>
</testsuite> <!-- com.class01.orangehrmExample -->
