<?xml version="1.0" encoding="UTF-8"?>
<!-- Generated by org.testng.reporters.JUnitReportReporter -->
<testsuite skipped="0" hostname="Asmits-MacBook-Pro.local" name="com.class01.beforeAndAfterClass" tests="2" failures="0" timestamp="30 May 2019 17:43:12 GMT" time="0.018" errors="0">
  <testcase name="testMethodOne" time="0.006" classname="com.class01.beforeAndAfterClass"/>
  <testcase name="testMethodTwo" time="0.012" classname="com.class01.beforeAndAfterClass"/>
</testsuite> <!-- com.class01.beforeAndAfterClass -->
