<?xml version="1.0" encoding="UTF-8"?>
<!-- Generated by org.testng.reporters.JUnitReportReporter -->
<testsuite skipped="0" hostname="Asmits-MacBook-Pro.local" name="com.class01.Task2" tests="3" failures="0" timestamp="30 May 2019 21:55:42 GMT" time="0.023" errors="0">
  <testcase name="afterTest" time="0.017" classname="com.class01.Task2"/>
  <testcase name="test" time="0.002" classname="com.class01.Task2"/>
  <testcase name="beforeTest" time="0.004" classname="com.class01.Task2"/>
</testsuite> <!-- com.class01.Task2 -->
