<?xml version="1.0" encoding="UTF-8"?>
<!-- Generated by org.testng.reporters.JUnitReportReporter -->
<testsuite skipped="0" hostname="Asmits-MacBook-Pro.local" name="com.class01.Task3" tests="1" failures="0" timestamp="30 May 2019 22:08:54 GMT" time="0.014" errors="0">
  <testcase name="test" time="0.014" classname="com.class01.Task3"/>
</testsuite> <!-- com.class01.Task3 -->
