<?xml version="1.0" encoding="UTF-8"?>
<!-- Generated by org.testng.reporters.JUnitReportReporter -->
<testsuite skipped="0" hostname="Asmits-MacBook-Pro.local" name="com.class01.Task1" tests="1" failures="0" timestamp="30 May 2019 21:53:45 GMT" time="7.936" errors="0">
  <testcase name="login" time="7.936" classname="com.class01.Task1"/>
</testsuite> <!-- com.class01.Task1 -->
